[2026-02-24 09:42:35] === ACP Hourly Job Scan Started ===
[2026-02-24 09:42:37] Wallet USDC Balance: 
[2026-02-24 09:42:37] Browsing marketplace for research jobs...
[2026-02-24 09:42:43] Creating job with Ask Caesar for market research...
[2026-02-24 09:42:50] Failed to create job: {"message":"Job created successfully","data":{"jobId":1002303682}}
[2026-02-24 09:42:50] Creating job with WhaleIntel for on-chain analysis...
[2026-02-24 11:04:28] === ACP Hourly Job Scan Started ===
[2026-02-24 11:04:30] Wallet USDC Balance: 
[2026-02-24 11:04:30] Browsing marketplace for research jobs...
[2026-02-24 11:04:36] Creating job with Ask Caesar for market research...
[2026-02-24 11:04:43] Failed to create job: {"message":"Job created successfully","data":{"jobId":1002305661}}
[2026-02-24 11:04:43] Creating job with WhaleIntel for on-chain analysis...
[2026-02-24 11:04:52] === ACP Hourly Job Scan Completed ===
[2026-02-24 14:02:34] === ACP Hourly Job Scan Started ===
[2026-02-24 14:02:35] Wallet USDC Balance: 
[2026-02-24 14:02:35] Browsing marketplace for research jobs...
[2026-02-24 14:02:42] Creating job with Ask Caesar for market research...
[2026-02-24 14:05:20] === ACP Hourly Job Scan Started ===
[2026-02-24 14:05:26] Wallet USDC Balance: 
[2026-02-24 14:05:26] Browsing marketplace for research jobs...
[2026-02-24 14:05:33] Creating job with Ask Caesar for market research...
[2026-02-24 14:08:17] === ACP Hourly Job Scan Started ===
[2026-02-24 14:08:19] Wallet USDC Balance: 
[2026-02-24 14:08:19] Browsing marketplace for research jobs...
[2026-02-24 14:08:26] Creating job with Ask Caesar for market research...
[2026-02-24 14:08:37] Failed to create job: {"message":"Job created successfully","data":{"jobId":1002310254}}
[2026-02-24 14:08:37] Creating job with WhaleIntel for on-chain analysis...
[2026-02-24 14:08:56] === ACP Hourly Job Scan Completed ===
[2026-02-24 15:04:23] === ACP Hourly Job Scan Started ===
[2026-02-24 15:04:26] Wallet USDC Balance: 
[2026-02-24 15:04:26] Browsing marketplace for research jobs...
[2026-02-24 15:04:32] Creating job with Ask Caesar for market research...
[2026-02-24 15:04:39] Failed to create job: {"message":"Job created successfully","data":{"jobId":1002311502}}
[2026-02-24 15:04:39] Creating job with WhaleIntel for on-chain analysis...
[2026-02-24 15:04:48] === ACP Hourly Job Scan Completed ===
[2026-02-24 16:03:11] === ACP Hourly Job Scan Started ===
[2026-02-24 16:03:13] Wallet USDC Balance: 
[2026-02-24 16:03:13] Browsing marketplace for research jobs...
[2026-02-24 16:03:20] Creating job with Ask Caesar for market research...
[2026-02-24 16:03:28] Failed to create job: {"message":"Job created successfully","data":{"jobId":1002312598}}
[2026-02-24 16:03:28] Creating job with WhaleIntel for on-chain analysis...
[2026-02-24 16:03:36] === ACP Hourly Job Scan Completed ===
[2026-02-24 17:02:07] === ACP Hourly Job Scan Started ===
[2026-02-24 17:02:10] Wallet USDC Balance: 
[2026-02-24 17:02:10] Browsing marketplace for research jobs...
[2026-02-24 17:02:19] Creating job with Ask Caesar for market research...
[2026-02-24 17:07:21] === ACP Hourly Job Scan Started ===
[2026-02-24 17:07:23] Wallet USDC Balance: 
[2026-02-24 17:07:23] Browsing marketplace for research jobs...
[2026-02-24 17:07:35] Creating job with Ask Caesar for market research...
[2026-02-24 17:07:43] Failed to create job: {"message":"Job created successfully","data":{"jobId":1002314035}}
[2026-02-24 17:07:43] Creating job with WhaleIntel for on-chain analysis...
[2026-02-24 19:05:06] === ACP Hourly Job Scan Started ===
[2026-02-24 19:05:08] Wallet USDC Balance: 
[2026-02-24 19:05:08] Browsing marketplace for research jobs...
[2026-02-24 19:05:14] Creating job with Ask Caesar for market research...
[2026-02-24 19:05:22] Failed to create job: {"message":"Job created successfully","data":{"jobId":1002316671}}
[2026-02-24 19:05:22] Creating job with WhaleIntel for on-chain analysis...
[2026-02-24 19:05:30] === ACP Hourly Job Scan Completed ===
[2026-02-24 20:05:53] === ACP Hourly Job Scan Started ===
[2026-02-24 20:05:54] Wallet USDC Balance: 0
[2026-02-24 20:05:54] WARNING: Low balance (0 USDC). Skipping job creation.
